Requirement already satisfied: pip in c:\users\utente\onedrive\ed2graphml_2\env\lib\site-packages (23.1.2)
Requirement already satisfied: PyQt5 in c:\users\utente\onedrive\ed2graphml_2\env\lib\site-packages (from -r requirements.txt (line 1)) (5.15.9)
Requirement already satisfied: pyqtwebengine in c:\users\utente\onedrive\ed2graphml_2\env\lib\site-packages (from -r requirements.txt (line 2)) (5.15.6)
Requirement already satisfied: pandas in c:\users\utente\onedrive\ed2graphml_2\env\lib\site-packages (from -r requirements.txt (line 3)) (2.0.1)
Requirement already satisfied: gspread in c:\users\utente\onedrive\ed2graphml_2\env\lib\site-packages (from -r requirements.txt (line 4)) (5.9.0)
Requirement already satisfied: gspread_dataframe in c:\users\utente\onedrive\ed2graphml_2\env\lib\site-packages (from -r requirements.txt (line 5)) (3.3.0)
Requirement already satisfied: google-api-python-client in c:\users\utente\onedrive\ed2graphml_2\env\lib\site-packages (from -r requirements.txt (line 6)) (2.86.0)
Requirement already satisfied: google-auth-oauthlib in c:\users\utente\onedrive\ed2graphml_2\env\lib\site-packages (from -r requirements.txt (line 7)) (1.0.0)
Requirement already satisfied: google-auth-httplib2 in c:\users\utente\onedrive\ed2graphml_2\env\lib\site-packages (from -r requirements.txt (line 8)) (0.1.0)
Requirement already satisfied: graphviz in c:\users\utente\onedrive\ed2graphml_2\env\lib\site-packages (from -r requirements.txt (line 9)) (0.20.1)
Requirement already satisfied: networkx in c:\users\utente\onedrive\ed2graphml_2\env\lib\site-packages (from -r requirements.txt (line 10)) (3.1)
Requirement already satisfied: pyvista in c:\users\utente\onedrive\ed2graphml_2\env\lib\site-packages (from -r requirements.txt (line 11)) (0.39.1)
Requirement already satisfied: pyvistaqt in c:\users\utente\onedrive\ed2graphml_2\env\lib\site-packages (from -r requirements.txt (line 12)) (0.10.0)
Requirement already satisfied: numpy in c:\users\utente\onedrive\ed2graphml_2\env\lib\site-packages (from -r requirements.txt (line 13)) (1.24.3)
Requirement already satisfied: Pillow in c:\users\utente\onedrive\ed2graphml_2\env\lib\site-packages (from -r requirements.txt (line 14)) (9.5.0)
Requirement already satisfied: python-docx in c:\users\utente\onedrive\ed2graphml_2\env\lib\site-packages (from -r requirements.txt (line 15)) (0.8.11)
Requirement already satisfied: openpyxl in c:\users\utente\onedrive\ed2graphml_2\env\lib\site-packages (from -r requirements.txt (line 16)) (3.1.2)
Requirement already satisfied: PyQt5-sip<13,>=12.11 in c:\users\utente\onedrive\ed2graphml_2\env\lib\site-packages (from PyQt5->-r requirements.txt (line 1)) (12.12.1)
Requirement already satisfied: PyQt5-Qt5>=5.15.2 in c:\users\utente\onedrive\ed2graphml_2\env\lib\site-packages (from PyQt5->-r requirements.txt (line 1)) (5.15.2)
Requirement already satisfied: PyQtWebEngine-Qt5>=5.15.0 in c:\users\utente\onedrive\ed2graphml_2\env\lib\site-packages (from pyqtwebengine->-r requirements.txt (line 2)) (5.15.2)
Requirement already satisfied: python-dateutil>=2.8.2 in c:\users\utente\onedrive\ed2graphml_2\env\lib\site-packages (from pandas->-r requirements.txt (line 3)) (2.8.2)
Requirement already satisfied: pytz>=2020.1 in c:\users\utente\onedrive\ed2graphml_2\env\lib\site-packages (from pandas->-r requirements.txt (line 3)) (2023.3)
Requirement already satisfied: tzdata>=2022.1 in c:\users\utente\onedrive\ed2graphml_2\env\lib\site-packages (from pandas->-r requirements.txt (line 3)) (2023.3)
Requirement already satisfied: google-auth>=1.12.0 in c:\users\utente\onedrive\ed2graphml_2\env\lib\site-packages (from gspread->-r requirements.txt (line 4)) (2.18.0)
Requirement already satisfied: six>=1.12.0 in c:\users\utente\onedrive\ed2graphml_2\env\lib\site-packages (from gspread_dataframe->-r requirements.txt (line 5)) (1.16.0)
Requirement already satisfied: httplib2<1dev,>=0.15.0 in c:\users\utente\onedrive\ed2graphml_2\env\lib\site-packages (from google-api-python-client->-r requirements.txt (line 6)) (0.22.0)
Requirement already satisfied: google-api-core!=2.0.*,!=2.1.*,!=2.2.*,!=2.3.0,<3.0.0dev,>=1.31.5 in c:\users\utente\onedrive\ed2graphml_2\env\lib\site-packages (from google-api-python-client->-r requirements.txt (line 6)) (2.11.0)
Requirement already satisfied: uritemplate<5,>=3.0.1 in c:\users\utente\onedrive\ed2graphml_2\env\lib\site-packages (from google-api-python-client->-r requirements.txt (line 6)) (4.1.1)
Requirement already satisfied: requests-oauthlib>=0.7.0 in c:\users\utente\onedrive\ed2graphml_2\env\lib\site-packages (from google-auth-oauthlib->-r requirements.txt (line 7)) (1.3.1)
Requirement already satisfied: matplotlib>=3.0.1 in c:\users\utente\onedrive\ed2graphml_2\env\lib\site-packages (from pyvista->-r requirements.txt (line 11)) (3.7.1)
Requirement already satisfied: pooch in c:\users\utente\onedrive\ed2graphml_2\env\lib\site-packages (from pyvista->-r requirements.txt (line 11)) (1.7.0)
Requirement already satisfied: scooby>=0.5.1 in c:\users\utente\onedrive\ed2graphml_2\env\lib\site-packages (from pyvista->-r requirements.txt (line 11)) (0.7.2)
Requirement already satisfied: vtk in c:\users\utente\onedrive\ed2graphml_2\env\lib\site-packages (from pyvista->-r requirements.txt (line 11)) (9.2.6)
Requirement already satisfied: QtPy>=1.9.0 in c:\users\utente\onedrive\ed2graphml_2\env\lib\site-packages (from pyvistaqt->-r requirements.txt (line 12)) (2.3.1)
Requirement already satisfied: lxml>=2.3.2 in c:\users\utente\onedrive\ed2graphml_2\env\lib\site-packages (from python-docx->-r requirements.txt (line 15)) (4.9.2)
Requirement already satisfied: et-xmlfile in c:\users\utente\onedrive\ed2graphml_2\env\lib\site-packages (from openpyxl->-r requirements.txt (line 16)) (1.1.0)
Requirement already satisfied: googleapis-common-protos<2.0dev,>=1.56.2 in c:\users\utente\onedrive\ed2graphml_2\env\lib\site-packages (from google-api-core!=2.0.*,!=2.1.*,!=2.2.*,!=2.3.0,<3.0.0dev,>=1.31.5->google-api-python-client->-r requirements.txt (line 6)) (1.59.0)
Requirement already satisfied: protobuf!=3.20.0,!=3.20.1,!=4.21.0,!=4.21.1,!=4.21.2,!=4.21.3,!=4.21.4,!=4.21.5,<5.0.0dev,>=3.19.5 in c:\users\utente\onedrive\ed2graphml_2\env\lib\site-packages (from google-api-core!=2.0.*,!=2.1.*,!=2.2.*,!=2.3.0,<3.0.0dev,>=1.31.5->google-api-python-client->-r requirements.txt (line 6)) (4.23.0)
Requirement already satisfied: requests<3.0.0dev,>=2.18.0 in c:\users\utente\onedrive\ed2graphml_2\env\lib\site-packages (from google-api-core!=2.0.*,!=2.1.*,!=2.2.*,!=2.3.0,<3.0.0dev,>=1.31.5->google-api-python-client->-r requirements.txt (line 6)) (2.30.0)
Requirement already satisfied: cachetools<6.0,>=2.0.0 in c:\users\utente\onedrive\ed2graphml_2\env\lib\site-packages (from google-auth>=1.12.0->gspread->-r requirements.txt (line 4)) (5.3.0)
Requirement already satisfied: pyasn1-modules>=0.2.1 in c:\users\utente\onedrive\ed2graphml_2\env\lib\site-packages (from google-auth>=1.12.0->gspread->-r requirements.txt (line 4)) (0.3.0)
Requirement already satisfied: urllib3<2.0 in c:\users\utente\onedrive\ed2graphml_2\env\lib\site-packages (from google-auth>=1.12.0->gspread->-r requirements.txt (line 4)) (1.26.15)
Requirement already satisfied: rsa<5,>=3.1.4 in c:\users\utente\onedrive\ed2graphml_2\env\lib\site-packages (from google-auth>=1.12.0->gspread->-r requirements.txt (line 4)) (4.9)
Requirement already satisfied: pyparsing!=3.0.0,!=3.0.1,!=3.0.2,!=3.0.3,<4,>=2.4.2 in c:\users\utente\onedrive\ed2graphml_2\env\lib\site-packages (from httplib2<1dev,>=0.15.0->google-api-python-client->-r requirements.txt (line 6)) (3.0.9)
Requirement already satisfied: contourpy>=1.0.1 in c:\users\utente\onedrive\ed2graphml_2\env\lib\site-packages (from matplotlib>=3.0.1->pyvista->-r requirements.txt (line 11)) (1.0.7)
Requirement already satisfied: cycler>=0.10 in c:\users\utente\onedrive\ed2graphml_2\env\lib\site-packages (from matplotlib>=3.0.1->pyvista->-r requirements.txt (line 11)) (0.11.0)
Requirement already satisfied: fonttools>=4.22.0 in c:\users\utente\onedrive\ed2graphml_2\env\lib\site-packages (from matplotlib>=3.0.1->pyvista->-r requirements.txt (line 11)) (4.39.4)
Requirement already satisfied: kiwisolver>=1.0.1 in c:\users\utente\onedrive\ed2graphml_2\env\lib\site-packages (from matplotlib>=3.0.1->pyvista->-r requirements.txt (line 11)) (1.4.4)
Requirement already satisfied: packaging>=20.0 in c:\users\utente\onedrive\ed2graphml_2\env\lib\site-packages (from matplotlib>=3.0.1->pyvista->-r requirements.txt (line 11)) (23.1)
Requirement already satisfied: oauthlib>=3.0.0 in c:\users\utente\onedrive\ed2graphml_2\env\lib\site-packages (from requests-oauthlib>=0.7.0->google-auth-oauthlib->-r requirements.txt (line 7)) (3.2.2)
Requirement already satisfied: platformdirs>=2.5.0 in c:\users\utente\onedrive\ed2graphml_2\env\lib\site-packages (from pooch->pyvista->-r requirements.txt (line 11)) (3.5.1)
Requirement already satisfied: pyasn1<0.6.0,>=0.4.6 in c:\users\utente\onedrive\ed2graphml_2\env\lib\site-packages (from pyasn1-modules>=0.2.1->google-auth>=1.12.0->gspread->-r requirements.txt (line 4)) (0.5.0)
Requirement already satisfied: charset-normalizer<4,>=2 in c:\users\utente\onedrive\ed2graphml_2\env\lib\site-packages (from requests<3.0.0dev,>=2.18.0->google-api-core!=2.0.*,!=2.1.*,!=2.2.*,!=2.3.0,<3.0.0dev,>=1.31.5->google-api-python-client->-r requirements.txt (line 6)) (3.1.0)
Requirement already satisfied: idna<4,>=2.5 in c:\users\utente\onedrive\ed2graphml_2\env\lib\site-packages (from requests<3.0.0dev,>=2.18.0->google-api-core!=2.0.*,!=2.1.*,!=2.2.*,!=2.3.0,<3.0.0dev,>=1.31.5->google-api-python-client->-r requirements.txt (line 6)) (3.4)
Requirement already satisfied: certifi>=2017.4.17 in c:\users\utente\onedrive\ed2graphml_2\env\lib\site-packages (from requests<3.0.0dev,>=2.18.0->google-api-core!=2.0.*,!=2.1.*,!=2.2.*,!=2.3.0,<3.0.0dev,>=1.31.5->google-api-python-client->-r requirements.txt (line 6)) (2023.5.7)
